AndroidPlatformFactory.RegisterBuildPlatforms: UnrealBuildTool.AndroidPlatformSDK has no valid SDK
IOSPlatformFactory.RegisterBuildPlatforms: UnrealBuildTool.IOSPlatformSDK has no valid SDK
LinuxPlatformFactory.RegisterBuildPlatforms: UnrealBuildTool.LinuxPlatformSDK has no valid SDK
WindowsPlatformFactory.RegisterBuildPlatforms: UnrealBuildTool.WindowsPlatformSDK using manually installed SDK
ProjectFileGenerator.GenerateProjectFiles: Discovering modules, targets and source code for project...
DynamicCompilation.RequiresCompilation: Compiling C:\Users\gswar\AppData\Local\UnrealEngine\4.25\Intermediate\Build\BuildRules\UE4Rules.dll: Assembly does not exist
DynamicCompilation.RequiresCompilation: Compiling C:\Users\gswar\AppData\Local\UnrealEngine\4.25\Intermediate\Build\BuildRules\UE4ProgramRules.dll: Assembly does not exist
DynamicCompilation.RequiresCompilation: Compiling G:\03_BuildingEscape-master\BuildingEscape\Intermediate\Build\BuildRules\BuildingEscapeModuleRules.dll: Assembly does not exist
WindowsPlatform.GetDefaultCompiler: WARNING: No Visual C++ installation was found. Please download and install Visual Studio 2017 with C++ components.
UnrealBuildTool.Main: ERROR: Visual Studio 2019 must be installed in order to build this target.
UnrealBuildTool.Main: BuildException: Visual Studio 2019 must be installed in order to build this target.
UnrealBuildTool.Main:    at UnrealBuildTool.VCEnvironment.Create(WindowsCompiler Compiler, UnrealTargetPlatform Platform, WindowsArchitecture Architecture, String CompilerVersion, String WindowsSdkVersion, String SuppliedSdkDirectoryForVersion) in D:\Build\++UE4+Licensee\Sync\Engine\Saved\CsTools\Engine\Source\Programs\UnrealBuildTool\Platform\Windows\VCEnvironment.cs:line 510
UnrealBuildTool.Main:    at UnrealBuildTool.WindowsPlatform.CreateVCEnvironment(TargetRules Target) in D:\Build\++UE4+Licensee\Sync\Engine\Saved\CsTools\Engine\Source\Programs\UnrealBuildTool\Platform\Windows\UEBuildWindows.cs:line 710
UnrealBuildTool.Main:    at UnrealBuildTool.WindowsPlatform.ValidateTarget(TargetRules Target) in D:\Build\++UE4+Licensee\Sync\Engine\Saved\CsTools\Engine\Source\Programs\UnrealBuildTool\Platform\Windows\UEBuildWindows.cs:line 792
UnrealBuildTool.Main:    at UnrealBuildTool.RulesAssembly.CreateTargetRulesInstance(String TypeName, TargetInfo TargetInfo) in D:\Build\++UE4+Licensee\Sync\Engine\Saved\CsTools\Engine\Source\Programs\UnrealBuildTool\System\RulesAssembly.cs:line 568
UnrealBuildTool.Main:    at UnrealBuildTool.RulesAssembly.CreateTargetRules(String TargetName, UnrealTargetPlatform Platform, UnrealTargetConfiguration Configuration, String Architecture, FileReference ProjectFile, CommandLineArguments Arguments) in D:\Build\++UE4+Licensee\Sync\Engine\Saved\CsTools\Engine\Source\Programs\UnrealBuildTool\System\RulesAssembly.cs:line 628
UnrealBuildTool.Main:    at UnrealBuildTool.ProjectFileGenerator.AddProjectsForAllTargets(PlatformProjectGeneratorCollection PlatformProjectGenerators, List`1 AllGames, List`1 AllTargetFiles, String[] Arguments, ProjectFile& EngineProject, ProjectFile& EnterpriseProject, List`1& GameProjects, Dictionary`2& ProgramProjects) in D:\Build\++UE4+Licensee\Sync\Engine\Saved\CsTools\Engine\Source\Programs\UnrealBuildTool\ProjectFiles\ProjectFileGenerator.cs:line 2293
UnrealBuildTool.Main:    at UnrealBuildTool.ProjectFileGenerator.GenerateProjectFiles(PlatformProjectGeneratorCollection PlatformProjectGenerators, String[] Arguments) in D:\Build\++UE4+Licensee\Sync\Engine\Saved\CsTools\Engine\Source\Programs\UnrealBuildTool\ProjectFiles\ProjectFileGenerator.cs:line 753
UnrealBuildTool.Main:    at UnrealBuildTool.GenerateProjectFilesMode.Execute(CommandLineArguments Arguments) in D:\Build\++UE4+Licensee\Sync\Engine\Saved\CsTools\Engine\Source\Programs\UnrealBuildTool\Modes\GenerateProjectFilesMode.cs:line 198
UnrealBuildTool.Main:    at UnrealBuildTool.UnrealBuildTool.Main(String[] ArgumentsArray) in D:\Build\++UE4+Licensee\Sync\Engine\Saved\CsTools\Engine\Source\Programs\UnrealBuildTool\UnrealBuildTool.cs:line 550
Timeline.Print: Timeline:
Timeline.Print: 
Timeline.Print: [ 0.000]
Timeline.Print: [ 0.000](+0.079) <unknown>
Timeline.Print: [ 0.079](+0.217) XmlConfig.ReadConfigFiles()
Timeline.Print: [ 0.296](+0.000) SingleInstanceMutex.Acquire()
Timeline.Print: [ 0.296](+0.236) UEBuildPlatform.RegisterPlatforms()
Timeline.Print:   0.297          [ 0.000](+0.191) Initializing InstalledPlatformInfo
Timeline.Print:   0.489          [ 0.192](+0.000) Querying types
Timeline.Print:   0.490          [ 0.194](+0.001) MacPlatformFactory
Timeline.Print:   0.492          [ 0.195](+0.000) TVOSPlatformFactory
Timeline.Print:   0.492          [ 0.195](+0.027) AndroidPlatformFactory
Timeline.Print:   0.520          [ 0.223](+0.000) HoloLensPlatformFactory
Timeline.Print:   0.520          [ 0.224](+0.005) IOSPlatformFactory
Timeline.Print:   0.525          [ 0.229](+0.005) LinuxPlatformFactory
Timeline.Print:   0.531          [ 0.234](+0.000) LuminPlatformFactory
Timeline.Print:   0.531          [ 0.235](+0.001) WindowsPlatformFactory
Timeline.Print: [ 0.532](+15.056) <unknown>
Timeline.Print: [15.588](+0.003) Finding engine modules
Timeline.Print: [15.591](+0.003) Finding plugin modules
Timeline.Print: [15.595](+0.076) <unknown>
Timeline.Print: [15.671](+48.921) Compiling rules assembly (UE4Rules.dll)
Timeline.Print: [64.592](+0.035) <unknown>
Timeline.Print: [64.628](+0.000) Finding program modules
Timeline.Print: [64.629](+0.000) Finding program targets
Timeline.Print: [64.629](+0.437) Compiling rules assembly (UE4ProgramRules.dll)
Timeline.Print: [65.073](+0.251) Compiling rules assembly (BuildingEscapeModuleRules.dll)
Timeline.Print: [65.325](+0.476) <unknown>
Timeline.Print: [65.801](+0.000) FileMetadataPrefetch.Stop()
Timeline.Print: [65.803]
